This file contains any messages produced by compilers while
running configure, to aid debugging if configure makes a mistake.

It was created by nlopt configure 2.3, which was
generated by GNU Autoconf 2.69.  Invocation command line was

  $ ./configure 

## --------- ##
## Platform. ##
## --------- ##

hostname = HERBIE
uname -m = i686
uname -r = 1.7.15(0.260/5/3)
uname -s = CYGWIN_NT-6.1
uname -v = 2012-05-09 10:25

/usr/bin/uname -p = unknown
/bin/uname -X     = unknown

/bin/arch              = i686
/usr/bin/arch -k       = unknown
/usr/convex/getsysinfo = unknown
/usr/bin/hostinfo      = unknown
/bin/machine           = unknown
/usr/bin/oslevel       = unknown
/bin/universe          = unknown

PATH: /usr/local/bin
PATH: /usr/bin
PATH: /cygdrive/c/Windows/system32
PATH: /cygdrive/c/Windows
PATH: /cygdrive/c/Windows/System32/Wbem
PATH: /cygdrive/c/Windows/System32/WindowsPowerShell/v1.0
PATH: /cygdrive/c/Program Files/TortoiseSVN/bin
PATH: /cygdrive/c/Program Files/MATLAB/R2009b/bin
PATH: /cygdrive/c/Program Files/Calibre2
PATH: /cygdrive/c/Program Files/QuickTime/QTSystem
PATH: /cygdrive/c/Users/Andrew/Projects/OpenCV2.2/bin
PATH: /usr/lib/lapack


## ----------- ##
## Core tests. ##
## ----------- ##

configure:2698: checking for a BSD-compatible install
configure:2766: result: /usr/bin/install -c
configure:2777: checking whether build environment is sane
configure:2832: result: yes
configure:2983: checking for a thread-safe mkdir -p
configure:3022: result: /usr/bin/mkdir -p
configure:3029: checking for gawk
configure:3045: found /usr/bin/gawk
configure:3056: result: gawk
configure:3067: checking whether make sets $(MAKE)
configure:3089: result: yes
configure:3179: checking whether to enable maintainer-specific portions of Makefiles
configure:3188: result: no
configure:3281: checking for gcc
configure:3297: found /usr/bin/gcc
configure:3308: result: gcc
configure:3537: checking for C compiler version
configure:3546: gcc --version >&5
gcc (GCC) 4.5.3
Copyright (C) 2010 Free Software Foundation, Inc.
This is free software; see the source for copying conditions.  There is NO
warranty; not even for MERCHANTABILITY or FITNESS FOR A PARTICULAR PURPOSE.

configure:3557: $? = 0
configure:3546: gcc -v >&5
Using built-in specs.
COLLECT_GCC=gcc
COLLECT_LTO_WRAPPER=/usr/lib/gcc/i686-pc-cygwin/4.5.3/lto-wrapper.exe
Target: i686-pc-cygwin
Configured with: /gnu/gcc/releases/respins/4.5.3-3/gcc4-4.5.3-3/src/gcc-4.5.3/configure --srcdir=/gnu/gcc/releases/respins/4.5.3-3/gcc4-4.5.3-3/src/gcc-4.5.3 --prefix=/usr --exec-prefix=/usr --bindir=/usr/bin --sbindir=/usr/sbin --libexecdir=/usr/lib --datadir=/usr/share --localstatedir=/var --sysconfdir=/etc --datarootdir=/usr/share --docdir=/usr/share/doc/gcc4 -C --datadir=/usr/share --infodir=/usr/share/info --mandir=/usr/share/man -v --with-gmp=/usr --with-mpfr=/usr --enable-bootstrap --enable-version-specific-runtime-libs --libexecdir=/usr/lib --enable-static --enable-shared --enable-shared-libgcc --disable-__cxa_atexit --with-gnu-ld --with-gnu-as --with-dwarf2 --disable-sjlj-exceptions --enable-languages=ada,c,c++,fortran,java,lto,objc,obj-c++ --enable-graphite --enable-lto --enable-java-awt=gtk --disable-symvers --enable-libjava --program-suffix=-4 --enable-libgomp --enable-libssp --enable-libada --enable-threads=posix --with-arch=i686 --with-tune=generic --enable-libgcj-sublibs CC=gcc-4 CXX=g++-4 CC_FOR_TARGET=gcc-4 CXX_FOR_TARGET=g++-4 GNATMAKE_FOR_TARGET=gnatmake GNATBIND_FOR_TARGET=gnatbind --with-ecj-jar=/usr/share/java/ecj.jar
Thread model: posix
gcc version 4.5.3 (GCC) 
configure:3557: $? = 0
configure:3546: gcc -V >&5
gcc: '-V' option must have argument
configure:3557: $? = 1
configure:3546: gcc -qversion >&5
gcc: unrecognized option '-qversion'
gcc: no input files
configure:3557: $? = 1
configure:3577: checking whether the C compiler works
configure:3599: gcc    conftest.c  >&5
configure:3603: $? = 0
configure:3651: result: yes
configure:3654: checking for C compiler default output file name
configure:3656: result: a.exe
configure:3662: checking for suffix of executables
configure:3669: gcc -o conftest.exe    conftest.c  >&5
configure:3673: $? = 0
configure:3695: result: .exe
configure:3717: checking whether we are cross compiling
configure:3725: gcc -o conftest.exe    conftest.c  >&5
configure:3729: $? = 0
configure:3736: ./conftest.exe
configure:3740: $? = 0
configure:3755: result: no
configure:3760: checking for suffix of object files
configure:3782: gcc -c   conftest.c >&5
configure:3786: $? = 0
configure:3807: result: o
configure:3811: checking whether we are using the GNU C compiler
configure:3830: gcc -c   conftest.c >&5
configure:3830: $? = 0
configure:3839: result: yes
configure:3848: checking whether gcc accepts -g
configure:3868: gcc -c -g  conftest.c >&5
configure:3868: $? = 0
configure:3909: result: yes
configure:3926: checking for gcc option to accept ISO C89
configure:3989: gcc  -c -g -O2  conftest.c >&5
configure:3989: $? = 0
configure:4002: result: none needed
configure:4033: checking for style of include used by make
configure:4061: result: GNU
configure:4087: checking dependency style of gcc
configure:4198: result: gcc3
configure:4217: checking for gcc option to accept ISO C99
configure:4366: gcc  -c -g -O2  conftest.c >&5
conftest.c:61:29: error: expected ';', ',' or ')' before 'text'
conftest.c: In function 'main':
conftest.c:115:18: error: expected '=', ',', ';', 'asm' or '__attribute__' before 'newvar'
conftest.c:115:18: error: 'newvar' undeclared (first use in this function)
conftest.c:115:18: note: each undeclared identifier is reported only once for each function it appears in
conftest.c:125:3: error: 'for' loop initial declarations are only allowed in C99 mode
conftest.c:125:3: note: use option -std=c99 or -std=gnu99 to compile your code
configure:4366: $? = 1
configure: failed program was:
| /* confdefs.h */
| #define PACKAGE_NAME "nlopt"
| #define PACKAGE_TARNAME "nlopt"
| #define PACKAGE_VERSION "2.3"
| #define PACKAGE_STRING "nlopt 2.3"
| #define PACKAGE_BUGREPORT "stevenj@alum.mit.edu"
| #define PACKAGE_URL ""
| #define PACKAGE "nlopt"
| #define VERSION "2.3"
| /* end confdefs.h.  */
| #include <stdarg.h>
| #include <stdbool.h>
| #include <stdlib.h>
| #include <wchar.h>
| #include <stdio.h>
| 
| // Check varargs macros.  These examples are taken from C99 6.10.3.5.
| #define debug(...) fprintf (stderr, __VA_ARGS__)
| #define showlist(...) puts (#__VA_ARGS__)
| #define report(test,...) ((test) ? puts (#test) : printf (__VA_ARGS__))
| static void
| test_varargs_macros (void)
| {
|   int x = 1234;
|   int y = 5678;
|   debug ("Flag");
|   debug ("X = %d\n", x);
|   showlist (The first, second, and third items.);
|   report (x>y, "x is %d but y is %d", x, y);
| }
| 
| // Check long long types.
| #define BIG64 18446744073709551615ull
| #define BIG32 4294967295ul
| #define BIG_OK (BIG64 / BIG32 == 4294967297ull && BIG64 % BIG32 == 0)
| #if !BIG_OK
|   your preprocessor is broken;
| #endif
| #if BIG_OK
| #else
|   your preprocessor is broken;
| #endif
| static long long int bignum = -9223372036854775807LL;
| static unsigned long long int ubignum = BIG64;
| 
| struct incomplete_array
| {
|   int datasize;
|   double data[];
| };
| 
| struct named_init {
|   int number;
|   const wchar_t *name;
|   double average;
| };
| 
| typedef const char *ccp;
| 
| static inline int
| test_restrict (ccp restrict text)
| {
|   // See if C++-style comments work.
|   // Iterate through items via the restricted pointer.
|   // Also check for declarations in for loops.
|   for (unsigned int i = 0; *(text+i) != '\0'; ++i)
|     continue;
|   return 0;
| }
| 
| // Check varargs and va_copy.
| static void
| test_varargs (const char *format, ...)
| {
|   va_list args;
|   va_start (args, format);
|   va_list args_copy;
|   va_copy (args_copy, args);
| 
|   const char *str;
|   int number;
|   float fnumber;
| 
|   while (*format)
|     {
|       switch (*format++)
| 	{
| 	case 's': // string
| 	  str = va_arg (args_copy, const char *);
| 	  break;
| 	case 'd': // int
| 	  number = va_arg (args_copy, int);
| 	  break;
| 	case 'f': // float
| 	  fnumber = va_arg (args_copy, double);
| 	  break;
| 	default:
| 	  break;
| 	}
|     }
|   va_end (args_copy);
|   va_end (args);
| }
| 
| int
| main ()
| {
| 
|   // Check bool.
|   _Bool success = false;
| 
|   // Check restrict.
|   if (test_restrict ("String literal") == 0)
|     success = true;
|   char *restrict newvar = "Another string";
| 
|   // Check varargs.
|   test_varargs ("s, d' f .", "string", 65, 34.234);
|   test_varargs_macros ();
| 
|   // Check flexible array members.
|   struct incomplete_array *ia =
|     malloc (sizeof (struct incomplete_array) + (sizeof (double) * 10));
|   ia->datasize = 10;
|   for (int i = 0; i < ia->datasize; ++i)
|     ia->data[i] = i * 1.234;
| 
|   // Check named initializers.
|   struct named_init ni = {
|     .number = 34,
|     .name = L"Test wide string",
|     .average = 543.34343,
|   };
| 
|   ni.number = 58;
| 
|   int dynamic_array[ni.number];
|   dynamic_array[ni.number - 1] = 543;
| 
|   // work around unused variable warnings
|   return (!success || bignum == 0LL || ubignum == 0uLL || newvar[0] == 'x'
| 	  || dynamic_array[ni.number - 1] != 543);
| 
|   ;
|   return 0;
| }
configure:4366: gcc -std=gnu99 -c -g -O2  conftest.c >&5
configure:4366: $? = 0
configure:4386: result: -std=gnu99
configure:4487: checking for gcc -std=gnu99 option to accept ISO Standard C
configure:4501: result: -std=gnu99
configure:4506: checking whether ln -s works
configure:4510: result: yes
configure:4517: checking whether make sets $(MAKE)
configure:4539: result: yes
configure:4552: checking build system type
configure:4566: result: i686-pc-cygwin
configure:4586: checking host system type
configure:4599: result: i686-pc-cygwin
configure:4666: checking for as
configure:4682: found /usr/bin/as
configure:4693: result: as
configure:4758: checking for dlltool
configure:4774: found /usr/bin/dlltool
configure:4785: result: dlltool
configure:4850: checking for objdump
configure:4866: found /usr/bin/objdump
configure:4877: result: objdump
configure:4968: checking how to print strings
configure:4995: result: printf
configure:5016: checking for a sed that does not truncate output
configure:5080: result: /usr/bin/sed
configure:5098: checking for grep that handles long lines and -e
configure:5156: result: /usr/bin/grep
configure:5161: checking for egrep
configure:5223: result: /usr/bin/grep -E
configure:5228: checking for fgrep
configure:5290: result: /usr/bin/grep -F
configure:5325: checking for ld used by gcc -std=gnu99
configure:5392: result: /usr/i686-pc-cygwin/bin/ld.exe
configure:5399: checking if the linker (/usr/i686-pc-cygwin/bin/ld.exe) is GNU ld
configure:5414: result: yes
configure:5426: checking for BSD- or MS-compatible name lister (nm)
configure:5475: result: /usr/bin/nm -B
configure:5605: checking the name lister (/usr/bin/nm -B) interface
configure:5612: gcc -std=gnu99 -c -g -O2  conftest.c >&5
configure:5615: /usr/bin/nm -B "conftest.o"
configure:5618: output
00000000 b .bss
00000000 d .data
00000000 N .debug_abbrev
00000000 N .debug_info
00000000 N .debug_line
00000000 N .debug_pubnames
00000000 t .text
00000000 B _some_variable
configure:5625: result: BSD nm
configure:5629: checking the maximum length of command line arguments
configure:5759: result: 8192
configure:5776: checking whether the shell understands some XSI constructs
configure:5786: result: yes
configure:5790: checking whether the shell understands "+="
configure:5796: result: yes
configure:5831: checking how to convert i686-pc-cygwin file names to i686-pc-cygwin format
configure:5871: result: func_convert_file_noop
configure:5878: checking how to convert i686-pc-cygwin file names to toolchain format
configure:5898: result: func_convert_file_noop
configure:5905: checking for /usr/i686-pc-cygwin/bin/ld.exe option to reload object files
configure:5912: result: -r
configure:5986: checking for objdump
configure:6013: result: objdump
configure:6042: checking how to recognize dependent libraries
configure:6244: result: file_magic ^x86 archive import|^x86 DLL
configure:6329: checking for dlltool
configure:6356: result: dlltool
configure:6386: checking how to associate runtime and link libraries
configure:6413: result: func_cygming_dll_for_implib
configure:6474: checking for ar
configure:6490: found /usr/bin/ar
configure:6501: result: ar
configure:6538: checking for archiver @FILE support
configure:6555: gcc -std=gnu99 -c -g -O2  conftest.c >&5
configure:6555: $? = 0
configure:6558: ar cru libconftest.a @conftest.lst >&5
configure:6561: $? = 0
configure:6566: ar cru libconftest.a @conftest.lst >&5
ar: conftest.o: No such file or directory
configure:6569: $? = 1
configure:6581: result: @
configure:6639: checking for strip
configure:6655: found /usr/bin/strip
configure:6666: result: strip
configure:6738: checking for ranlib
configure:6754: found /usr/bin/ranlib
configure:6765: result: ranlib
configure:6867: checking command to parse /usr/bin/nm -B output from gcc -std=gnu99 object
configure:6987: gcc -std=gnu99 -c -g -O2  conftest.c >&5
configure:6990: $? = 0
configure:6994: /usr/bin/nm -B conftest.o \| sed -n -e 's/^.*[ ]\([ABCDGIRSTW][ABCDGIRSTW]*\)[ ][ ]*\([_A-Za-z][_A-Za-z0-9]*\)$/\1 \2 \2/p' | sed '/ __gnu_lto/d' \> conftest.nm
configure:6997: $? = 0
cannot find nm_test_var in conftest.nm
configure:6987: gcc -std=gnu99 -c -g -O2  conftest.c >&5
configure:6990: $? = 0
configure:6994: /usr/bin/nm -B conftest.o \| sed -n -e 's/^.*[ ]\([ABCDGIRSTW][ABCDGIRSTW]*\)[ ][ ]*_\([_A-Za-z][_A-Za-z0-9]*\)$/\1 _\2 \2/p' | sed '/ __gnu_lto/d' \> conftest.nm
configure:6997: $? = 0
configure:7063: gcc -std=gnu99 -o conftest.exe -g -O2   conftest.c conftstm.o >&5
configure:7066: $? = 0
configure:7104: result: ok
configure:7141: checking for sysroot
configure:7171: result: no
configure:7427: checking for mt
configure:7457: result: no
configure:7477: checking if : is a manifest tool
configure:7483: : '-?'
configure:7491: result: no
configure:8133: checking how to run the C preprocessor
configure:8164: gcc -std=gnu99 -E  conftest.c
configure:8164: $? = 0
configure:8178: gcc -std=gnu99 -E  conftest.c
conftest.c:11:28: fatal error: ac_nonexistent.h: No such file or directory
compilation terminated.
configure:8178: $? = 1
configure: failed program was:
| /* confdefs.h */
| #define PACKAGE_NAME "nlopt"
| #define PACKAGE_TARNAME "nlopt"
| #define PACKAGE_VERSION "2.3"
| #define PACKAGE_STRING "nlopt 2.3"
| #define PACKAGE_BUGREPORT "stevenj@alum.mit.edu"
| #define PACKAGE_URL ""
| #define PACKAGE "nlopt"
| #define VERSION "2.3"
| /* end confdefs.h.  */
| #include <ac_nonexistent.h>
configure:8203: result: gcc -std=gnu99 -E
configure:8223: gcc -std=gnu99 -E  conftest.c
configure:8223: $? = 0
configure:8237: gcc -std=gnu99 -E  conftest.c
conftest.c:11:28: fatal error: ac_nonexistent.h: No such file or directory
compilation terminated.
configure:8237: $? = 1
configure: failed program was:
| /* confdefs.h */
| #define PACKAGE_NAME "nlopt"
| #define PACKAGE_TARNAME "nlopt"
| #define PACKAGE_VERSION "2.3"
| #define PACKAGE_STRING "nlopt 2.3"
| #define PACKAGE_BUGREPORT "stevenj@alum.mit.edu"
| #define PACKAGE_URL ""
| #define PACKAGE "nlopt"
| #define VERSION "2.3"
| /* end confdefs.h.  */
| #include <ac_nonexistent.h>
configure:8266: checking for ANSI C header files
configure:8286: gcc -std=gnu99 -c -g -O2  conftest.c >&5
configure:8286: $? = 0
configure:8359: gcc -std=gnu99 -o conftest.exe -g -O2   conftest.c  >&5
configure:8359: $? = 0
configure:8359: ./conftest.exe
configure:8359: $? = 0
configure:8370: result: yes
configure:8383: checking for sys/types.h
configure:8383: gcc -std=gnu99 -c -g -O2  conftest.c >&5
configure:8383: $? = 0
configure:8383: result: yes
configure:8383: checking for sys/stat.h
configure:8383: gcc -std=gnu99 -c -g -O2  conftest.c >&5
configure:8383: $? = 0
configure:8383: result: yes
configure:8383: checking for stdlib.h
configure:8383: gcc -std=gnu99 -c -g -O2  conftest.c >&5
configure:8383: $? = 0
configure:8383: result: yes
configure:8383: checking for string.h
configure:8383: gcc -std=gnu99 -c -g -O2  conftest.c >&5
configure:8383: $? = 0
configure:8383: result: yes
configure:8383: checking for memory.h
configure:8383: gcc -std=gnu99 -c -g -O2  conftest.c >&5
configure:8383: $? = 0
configure:8383: result: yes
configure:8383: checking for strings.h
configure:8383: gcc -std=gnu99 -c -g -O2  conftest.c >&5
configure:8383: $? = 0
configure:8383: result: yes
configure:8383: checking for inttypes.h
configure:8383: gcc -std=gnu99 -c -g -O2  conftest.c >&5
configure:8383: $? = 0
configure:8383: result: yes
configure:8383: checking for stdint.h
configure:8383: gcc -std=gnu99 -c -g -O2  conftest.c >&5
configure:8383: $? = 0
configure:8383: result: yes
configure:8383: checking for unistd.h
configure:8383: gcc -std=gnu99 -c -g -O2  conftest.c >&5
configure:8383: $? = 0
configure:8383: result: yes
configure:8397: checking for dlfcn.h
configure:8397: gcc -std=gnu99 -c -g -O2  conftest.c >&5
configure:8397: $? = 0
configure:8397: result: yes
configure:8571: checking for objdir
configure:8586: result: .libs
configure:8857: checking if gcc -std=gnu99 supports -fno-rtti -fno-exceptions
configure:8875: gcc -std=gnu99 -c -g -O2  -fno-rtti -fno-exceptions conftest.c >&5
cc1: warning: command line option "-fno-rtti" is valid for C++/ObjC++ but not for C
configure:8879: $? = 0
configure:8892: result: no
configure:9219: checking for gcc -std=gnu99 option to produce PIC
configure:9226: result: -DDLL_EXPORT -DPIC
configure:9234: checking if gcc -std=gnu99 PIC flag -DDLL_EXPORT -DPIC works
configure:9252: gcc -std=gnu99 -c -g -O2  -DDLL_EXPORT -DPIC -DPIC conftest.c >&5
configure:9256: $? = 0
configure:9269: result: yes
configure:9298: checking if gcc -std=gnu99 static flag -static works
configure:9326: result: yes
configure:9341: checking if gcc -std=gnu99 supports -c -o file.o
configure:9362: gcc -std=gnu99 -c -g -O2  -o out/conftest2.o conftest.c >&5
configure:9366: $? = 0
configure:9388: result: yes
configure:9396: checking if gcc -std=gnu99 supports -c -o file.o
configure:9443: result: yes
configure:9476: checking whether the gcc -std=gnu99 linker (/usr/i686-pc-cygwin/bin/ld.exe) supports shared libraries
configure:10629: result: yes
configure:10869: checking dynamic linker characteristics
configure:11602: result: Win32 ld.exe
configure:11709: checking how to hardcode library paths into programs
configure:11734: result: immediate
configure:12274: checking whether stripping libraries is possible
configure:12279: result: yes
configure:12314: checking if libtool supports shared libraries
configure:12316: result: yes
configure:12319: checking whether to build shared libraries
configure:12340: result: no
configure:12343: checking whether to build static libraries
configure:12347: result: yes
configure:12460: checking for g++
configure:12476: found /usr/bin/g++
configure:12487: result: g++
configure:12514: checking for C++ compiler version
configure:12523: g++ --version >&5
g++ (GCC) 4.5.3
Copyright (C) 2010 Free Software Foundation, Inc.
This is free software; see the source for copying conditions.  There is NO
warranty; not even for MERCHANTABILITY or FITNESS FOR A PARTICULAR PURPOSE.

configure:12534: $? = 0
configure:12523: g++ -v >&5
Using built-in specs.
COLLECT_GCC=g++
COLLECT_LTO_WRAPPER=/usr/lib/gcc/i686-pc-cygwin/4.5.3/lto-wrapper.exe
Target: i686-pc-cygwin
Configured with: /gnu/gcc/releases/respins/4.5.3-3/gcc4-4.5.3-3/src/gcc-4.5.3/configure --srcdir=/gnu/gcc/releases/respins/4.5.3-3/gcc4-4.5.3-3/src/gcc-4.5.3 --prefix=/usr --exec-prefix=/usr --bindir=/usr/bin --sbindir=/usr/sbin --libexecdir=/usr/lib --datadir=/usr/share --localstatedir=/var --sysconfdir=/etc --datarootdir=/usr/share --docdir=/usr/share/doc/gcc4 -C --datadir=/usr/share --infodir=/usr/share/info --mandir=/usr/share/man -v --with-gmp=/usr --with-mpfr=/usr --enable-bootstrap --enable-version-specific-runtime-libs --libexecdir=/usr/lib --enable-static --enable-shared --enable-shared-libgcc --disable-__cxa_atexit --with-gnu-ld --with-gnu-as --with-dwarf2 --disable-sjlj-exceptions --enable-languages=ada,c,c++,fortran,java,lto,objc,obj-c++ --enable-graphite --enable-lto --enable-java-awt=gtk --disable-symvers --enable-libjava --program-suffix=-4 --enable-libgomp --enable-libssp --enable-libada --enable-threads=posix --with-arch=i686 --with-tune=generic --enable-libgcj-sublibs CC=gcc-4 CXX=g++-4 CC_FOR_TARGET=gcc-4 CXX_FOR_TARGET=g++-4 GNATMAKE_FOR_TARGET=gnatmake GNATBIND_FOR_TARGET=gnatbind --with-ecj-jar=/usr/share/java/ecj.jar
Thread model: posix
gcc version 4.5.3 (GCC) 
configure:12534: $? = 0
configure:12523: g++ -V >&5
g++: '-V' option must have argument
configure:12534: $? = 1
configure:12523: g++ -qversion >&5
g++: unrecognized option '-qversion'
g++: no input files
configure:12534: $? = 1
configure:12538: checking whether we are using the GNU C++ compiler
configure:12557: g++ -c   conftest.cpp >&5
configure:12557: $? = 0
configure:12566: result: yes
configure:12575: checking whether g++ accepts -g
configure:12595: g++ -c -g  conftest.cpp >&5
configure:12595: $? = 0
configure:12636: result: yes
configure:12661: checking dependency style of g++
configure:12772: result: gcc3
configure:12805: checking how to run the C++ preprocessor
configure:12832: g++ -E  conftest.cpp
configure:12832: $? = 0
configure:12846: g++ -E  conftest.cpp
conftest.cpp:23:28: fatal error: ac_nonexistent.h: No such file or directory
compilation terminated.
configure:12846: $? = 1
configure: failed program was:
| /* confdefs.h */
| #define PACKAGE_NAME "nlopt"
| #define PACKAGE_TARNAME "nlopt"
| #define PACKAGE_VERSION "2.3"
| #define PACKAGE_STRING "nlopt 2.3"
| #define PACKAGE_BUGREPORT "stevenj@alum.mit.edu"
| #define PACKAGE_URL ""
| #define PACKAGE "nlopt"
| #define VERSION "2.3"
| #define STDC_HEADERS 1
| #define HAVE_SYS_TYPES_H 1
| #define HAVE_SYS_STAT_H 1
| #define HAVE_STDLIB_H 1
| #define HAVE_STRING_H 1
| #define HAVE_MEMORY_H 1
| #define HAVE_STRINGS_H 1
| #define HAVE_INTTYPES_H 1
| #define HAVE_STDINT_H 1
| #define HAVE_UNISTD_H 1
| #define HAVE_DLFCN_H 1
| #define LT_OBJDIR ".libs/"
| /* end confdefs.h.  */
| #include <ac_nonexistent.h>
configure:12871: result: g++ -E
configure:12891: g++ -E  conftest.cpp
configure:12891: $? = 0
configure:12905: g++ -E  conftest.cpp
conftest.cpp:23:28: fatal error: ac_nonexistent.h: No such file or directory
compilation terminated.
configure:12905: $? = 1
configure: failed program was:
| /* confdefs.h */
| #define PACKAGE_NAME "nlopt"
| #define PACKAGE_TARNAME "nlopt"
| #define PACKAGE_VERSION "2.3"
| #define PACKAGE_STRING "nlopt 2.3"
| #define PACKAGE_BUGREPORT "stevenj@alum.mit.edu"
| #define PACKAGE_URL ""
| #define PACKAGE "nlopt"
| #define VERSION "2.3"
| #define STDC_HEADERS 1
| #define HAVE_SYS_TYPES_H 1
| #define HAVE_SYS_STAT_H 1
| #define HAVE_STDLIB_H 1
| #define HAVE_STRING_H 1
| #define HAVE_MEMORY_H 1
| #define HAVE_STRINGS_H 1
| #define HAVE_INTTYPES_H 1
| #define HAVE_STDINT_H 1
| #define HAVE_UNISTD_H 1
| #define HAVE_DLFCN_H 1
| #define LT_OBJDIR ".libs/"
| /* end confdefs.h.  */
| #include <ac_nonexistent.h>
configure:13074: checking for ld used by g++
configure:13141: result: /usr/i686-pc-cygwin/bin/ld.exe
configure:13148: checking if the linker (/usr/i686-pc-cygwin/bin/ld.exe) is GNU ld
configure:13163: result: yes
configure:13218: checking whether the g++ linker (/usr/i686-pc-cygwin/bin/ld.exe) supports shared libraries
configure:14223: result: yes
configure:14259: g++ -c -g -O2  conftest.cpp >&5
configure:14262: $? = 0
configure:14782: checking for g++ option to produce PIC
configure:14789: result: -DDLL_EXPORT -DPIC
configure:14797: checking if g++ PIC flag -DDLL_EXPORT -DPIC works
configure:14815: g++ -c -g -O2  -DDLL_EXPORT -DPIC -DPIC conftest.cpp >&5
configure:14819: $? = 0
configure:14832: result: yes
configure:14855: checking if g++ static flag -static works
configure:14883: result: yes
configure:14895: checking if g++ supports -c -o file.o
configure:14916: g++ -c -g -O2  -o out/conftest2.o conftest.cpp >&5
configure:14920: $? = 0
configure:14942: result: yes
configure:14947: checking if g++ supports -c -o file.o
configure:14994: result: yes
configure:15024: checking whether the g++ linker (/usr/i686-pc-cygwin/bin/ld.exe) supports shared libraries
configure:15060: result: yes
configure:15201: checking dynamic linker characteristics
configure:15868: result: Win32 ld.exe
configure:15921: checking how to hardcode library paths into programs
configure:15946: result: immediate
configure:16009: checking for ANSI C header files
configure:16113: result: yes
configure:16121: checking whether time.h and sys/time.h may both be included
configure:16141: gcc -std=gnu99 -c -g -O2  conftest.c >&5
configure:16141: $? = 0
configure:16148: result: yes
configure:16159: checking for unistd.h
configure:16159: result: yes
configure:16159: checking getopt.h usability
configure:16159: gcc -std=gnu99 -c -g -O2  conftest.c >&5
configure:16159: $? = 0
configure:16159: result: yes
configure:16159: checking getopt.h presence
configure:16159: gcc -std=gnu99 -E  conftest.c
configure:16159: $? = 0
configure:16159: result: yes
configure:16159: checking for getopt.h
configure:16159: result: yes
configure:16159: checking for stdint.h
configure:16159: result: yes
configure:16169: checking for an ANSI C-conforming const
configure:16235: gcc -std=gnu99 -c -g -O2  conftest.c >&5
configure:16235: $? = 0
configure:16242: result: yes
configure:16250: checking for inline
configure:16266: gcc -std=gnu99 -c -g -O2  conftest.c >&5
configure:16266: $? = 0
configure:16274: result: inline
configure:16300: checking for C thread-local keyword
configure:16328: gcc -std=gnu99 -c -g -O2  conftest.c >&5
configure:16328: $? = 0
configure:16342: result: __thread
configure:16363: checking size of unsigned int
configure:16368: gcc -std=gnu99 -o conftest.exe -g -O2   conftest.c  >&5
configure:16368: $? = 0
configure:16368: ./conftest.exe
configure:16368: $? = 0
configure:16382: result: 4
configure:16396: checking size of unsigned long
configure:16401: gcc -std=gnu99 -o conftest.exe -g -O2   conftest.c  >&5
configure:16401: $? = 0
configure:16401: ./conftest.exe
configure:16401: $? = 0
configure:16415: result: 4
configure:16425: checking for uint32_t
configure:16425: gcc -std=gnu99 -c -g -O2  conftest.c >&5
configure:16425: $? = 0
configure:16425: gcc -std=gnu99 -c -g -O2  conftest.c >&5
conftest.c: In function 'main':
conftest.c:71:23: error: expected expression before ')' token
configure:16425: $? = 1
configure: failed program was:
| /* confdefs.h */
| #define PACKAGE_NAME "nlopt"
| #define PACKAGE_TARNAME "nlopt"
| #define PACKAGE_VERSION "2.3"
| #define PACKAGE_STRING "nlopt 2.3"
| #define PACKAGE_BUGREPORT "stevenj@alum.mit.edu"
| #define PACKAGE_URL ""
| #define PACKAGE "nlopt"
| #define VERSION "2.3"
| #define STDC_HEADERS 1
| #define HAVE_SYS_TYPES_H 1
| #define HAVE_SYS_STAT_H 1
| #define HAVE_STDLIB_H 1
| #define HAVE_STRING_H 1
| #define HAVE_MEMORY_H 1
| #define HAVE_STRINGS_H 1
| #define HAVE_INTTYPES_H 1
| #define HAVE_STDINT_H 1
| #define HAVE_UNISTD_H 1
| #define HAVE_DLFCN_H 1
| #define LT_OBJDIR ".libs/"
| #define STDC_HEADERS 1
| #define TIME_WITH_SYS_TIME 1
| #define HAVE_UNISTD_H 1
| #define HAVE_GETOPT_H 1
| #define HAVE_STDINT_H 1
| #define THREADLOCAL __thread
| #define SIZEOF_UNSIGNED_INT 4
| #define SIZEOF_UNSIGNED_LONG 4
| /* end confdefs.h.  */
| #include <stdio.h>
| #ifdef HAVE_SYS_TYPES_H
| # include <sys/types.h>
| #endif
| #ifdef HAVE_SYS_STAT_H
| # include <sys/stat.h>
| #endif
| #ifdef STDC_HEADERS
| # include <stdlib.h>
| # include <stddef.h>
| #else
| # ifdef HAVE_STDLIB_H
| #  include <stdlib.h>
| # endif
| #endif
| #ifdef HAVE_STRING_H
| # if !defined STDC_HEADERS && defined HAVE_MEMORY_H
| #  include <memory.h>
| # endif
| # include <string.h>
| #endif
| #ifdef HAVE_STRINGS_H
| # include <strings.h>
| #endif
| #ifdef HAVE_INTTYPES_H
| # include <inttypes.h>
| #endif
| #ifdef HAVE_STDINT_H
| # include <stdint.h>
| #endif
| #ifdef HAVE_UNISTD_H
| # include <unistd.h>
| #endif
| #ifdef HAVE_STDINT_H
| #  include <stdint.h>
| #endif
| 
| int
| main ()
| {
| if (sizeof ((uint32_t)))
| 	    return 0;
|   ;
|   return 0;
| }
configure:16425: result: yes
configure:16440: checking for sin in -lm
configure:16465: gcc -std=gnu99 -o conftest.exe -g -O2   conftest.c -lm   >&5
conftest.c:39:6: warning: conflicting types for built-in function 'sin'
configure:16465: $? = 0
configure:16474: result: yes
configure:16488: checking for BSDgettimeofday
configure:16488: gcc -std=gnu99 -o conftest.exe -g -O2   conftest.c -lm  >&5
/tmp/ccQKdgN4.o: In function `main':
/home/Andrew/Projects/OptPilot/Thesis/nlopt-2.3/conftest.c:67: undefined reference to `_BSDgettimeofday'
collect2: ld returned 1 exit status
configure:16488: $? = 1
configure: failed program was:
| /* confdefs.h */
| #define PACKAGE_NAME "nlopt"
| #define PACKAGE_TARNAME "nlopt"
| #define PACKAGE_VERSION "2.3"
| #define PACKAGE_STRING "nlopt 2.3"
| #define PACKAGE_BUGREPORT "stevenj@alum.mit.edu"
| #define PACKAGE_URL ""
| #define PACKAGE "nlopt"
| #define VERSION "2.3"
| #define STDC_HEADERS 1
| #define HAVE_SYS_TYPES_H 1
| #define HAVE_SYS_STAT_H 1
| #define HAVE_STDLIB_H 1
| #define HAVE_STRING_H 1
| #define HAVE_MEMORY_H 1
| #define HAVE_STRINGS_H 1
| #define HAVE_INTTYPES_H 1
| #define HAVE_STDINT_H 1
| #define HAVE_UNISTD_H 1
| #define HAVE_DLFCN_H 1
| #define LT_OBJDIR ".libs/"
| #define STDC_HEADERS 1
| #define TIME_WITH_SYS_TIME 1
| #define HAVE_UNISTD_H 1
| #define HAVE_GETOPT_H 1
| #define HAVE_STDINT_H 1
| #define THREADLOCAL __thread
| #define SIZEOF_UNSIGNED_INT 4
| #define SIZEOF_UNSIGNED_LONG 4
| #define HAVE_UINT32_T 1
| #define HAVE_LIBM 1
| /* end confdefs.h.  */
| /* Define BSDgettimeofday to an innocuous variant, in case <limits.h> declares BSDgettimeofday.
|    For example, HP-UX 11i <limits.h> declares gettimeofday.  */
| #define BSDgettimeofday innocuous_BSDgettimeofday
| 
| /* System header to define __stub macros and hopefully few prototypes,
|     which can conflict with char BSDgettimeofday (); below.
|     Prefer <limits.h> to <assert.h> if __STDC__ is defined, since
|     <limits.h> exists even on freestanding compilers.  */
| 
| #ifdef __STDC__
| # include <limits.h>
| #else
| # include <assert.h>
| #endif
| 
| #undef BSDgettimeofday
| 
| /* Override any GCC internal prototype to avoid an error.
|    Use char because int might match the return type of a GCC
|    builtin and then its argument prototype would still apply.  */
| #ifdef __cplusplus
| extern "C"
| #endif
| char BSDgettimeofday ();
| /* The GNU C library defines this for functions which it implements
|     to always fail with ENOSYS.  Some functions are actually named
|     something starting with __ and the normal name is an alias.  */
| #if defined __stub_BSDgettimeofday || defined __stub___BSDgettimeofday
| choke me
| #endif
| 
| int
| main ()
| {
| return BSDgettimeofday ();
|   ;
|   return 0;
| }
configure:16488: result: no
configure:16488: checking for gettimeofday
configure:16488: gcc -std=gnu99 -o conftest.exe -g -O2   conftest.c -lm  >&5
configure:16488: $? = 0
configure:16488: result: yes
configure:16488: checking for time
configure:16488: gcc -std=gnu99 -o conftest.exe -g -O2   conftest.c -lm  >&5
configure:16488: $? = 0
configure:16488: result: yes
configure:16488: checking for qsort_r
configure:16488: gcc -std=gnu99 -o conftest.exe -g -O2   conftest.c -lm  >&5
/tmp/ccIra1I9.o: In function `main':
/home/Andrew/Projects/OptPilot/Thesis/nlopt-2.3/conftest.c:69: undefined reference to `_qsort_r'
collect2: ld returned 1 exit status
configure:16488: $? = 1
configure: failed program was:
| /* confdefs.h */
| #define PACKAGE_NAME "nlopt"
| #define PACKAGE_TARNAME "nlopt"
| #define PACKAGE_VERSION "2.3"
| #define PACKAGE_STRING "nlopt 2.3"
| #define PACKAGE_BUGREPORT "stevenj@alum.mit.edu"
| #define PACKAGE_URL ""
| #define PACKAGE "nlopt"
| #define VERSION "2.3"
| #define STDC_HEADERS 1
| #define HAVE_SYS_TYPES_H 1
| #define HAVE_SYS_STAT_H 1
| #define HAVE_STDLIB_H 1
| #define HAVE_STRING_H 1
| #define HAVE_MEMORY_H 1
| #define HAVE_STRINGS_H 1
| #define HAVE_INTTYPES_H 1
| #define HAVE_STDINT_H 1
| #define HAVE_UNISTD_H 1
| #define HAVE_DLFCN_H 1
| #define LT_OBJDIR ".libs/"
| #define STDC_HEADERS 1
| #define TIME_WITH_SYS_TIME 1
| #define HAVE_UNISTD_H 1
| #define HAVE_GETOPT_H 1
| #define HAVE_STDINT_H 1
| #define THREADLOCAL __thread
| #define SIZEOF_UNSIGNED_INT 4
| #define SIZEOF_UNSIGNED_LONG 4
| #define HAVE_UINT32_T 1
| #define HAVE_LIBM 1
| #define HAVE_GETTIMEOFDAY 1
| #define HAVE_TIME 1
| /* end confdefs.h.  */
| /* Define qsort_r to an innocuous variant, in case <limits.h> declares qsort_r.
|    For example, HP-UX 11i <limits.h> declares gettimeofday.  */
| #define qsort_r innocuous_qsort_r
| 
| /* System header to define __stub macros and hopefully few prototypes,
|     which can conflict with char qsort_r (); below.
|     Prefer <limits.h> to <assert.h> if __STDC__ is defined, since
|     <limits.h> exists even on freestanding compilers.  */
| 
| #ifdef __STDC__
| # include <limits.h>
| #else
| # include <assert.h>
| #endif
| 
| #undef qsort_r
| 
| /* Override any GCC internal prototype to avoid an error.
|    Use char because int might match the return type of a GCC
|    builtin and then its argument prototype would still apply.  */
| #ifdef __cplusplus
| extern "C"
| #endif
| char qsort_r ();
| /* The GNU C library defines this for functions which it implements
|     to always fail with ENOSYS.  Some functions are actually named
|     something starting with __ and the normal name is an alias.  */
| #if defined __stub_qsort_r || defined __stub___qsort_r
| choke me
| #endif
| 
| int
| main ()
| {
| return qsort_r ();
|   ;
|   return 0;
| }
configure:16488: result: no
configure:16488: checking for getpid
configure:16488: gcc -std=gnu99 -o conftest.exe -g -O2   conftest.c -lm  >&5
configure:16488: $? = 0
configure:16488: result: yes
configure:16498: checking for gettid syscall
configure:16513: gcc -std=gnu99 -o conftest.exe -g -O2   conftest.c -lm  >&5
conftest.c:37:25: fatal error: sys/syscall.h: No such file or directory
compilation terminated.
configure:16513: $? = 1
configure: failed program was:
| /* confdefs.h */
| #define PACKAGE_NAME "nlopt"
| #define PACKAGE_TARNAME "nlopt"
| #define PACKAGE_VERSION "2.3"
| #define PACKAGE_STRING "nlopt 2.3"
| #define PACKAGE_BUGREPORT "stevenj@alum.mit.edu"
| #define PACKAGE_URL ""
| #define PACKAGE "nlopt"
| #define VERSION "2.3"
| #define STDC_HEADERS 1
| #define HAVE_SYS_TYPES_H 1
| #define HAVE_SYS_STAT_H 1
| #define HAVE_STDLIB_H 1
| #define HAVE_STRING_H 1
| #define HAVE_MEMORY_H 1
| #define HAVE_STRINGS_H 1
| #define HAVE_INTTYPES_H 1
| #define HAVE_STDINT_H 1
| #define HAVE_UNISTD_H 1
| #define HAVE_DLFCN_H 1
| #define LT_OBJDIR ".libs/"
| #define STDC_HEADERS 1
| #define TIME_WITH_SYS_TIME 1
| #define HAVE_UNISTD_H 1
| #define HAVE_GETOPT_H 1
| #define HAVE_STDINT_H 1
| #define THREADLOCAL __thread
| #define SIZEOF_UNSIGNED_INT 4
| #define SIZEOF_UNSIGNED_LONG 4
| #define HAVE_UINT32_T 1
| #define HAVE_LIBM 1
| #define HAVE_GETTIMEOFDAY 1
| #define HAVE_TIME 1
| #define HAVE_GETPID 1
| /* end confdefs.h.  */
| #include <unistd.h>
| #include <sys/syscall.h>
| 
| int
| main ()
| {
| syscall(SYS_gettid);
|   ;
|   return 0;
| }
configure:16525: result: no
configure:16528: checking for isnan
configure:16542: gcc -std=gnu99 -o conftest.exe -g -O2   conftest.c -lm  >&5
configure:16542: $? = 0
configure:16554: result: yes
configure:16557: checking for isinf
configure:16571: gcc -std=gnu99 -o conftest.exe -g -O2   conftest.c -lm  >&5
configure:16571: $? = 0
configure:16583: result: yes
configure:16586: checking for copysign
configure:16600: gcc -std=gnu99 -o conftest.exe -g -O2   conftest.c -lm  >&5
configure:16600: $? = 0
configure:16612: result: yes
configure:16652: WARNING: Python and Guile wrappers require --enable-shared; disabling
configure:17062: checking for mkoctfile
configure:17092: result: no
configure:17105: WARNING: can't find mkoctfile: won't be able to compile GNU Octave plugin
configure:17281: checking for mex
configure:17311: result: no
configure:17323: WARNING: can't find mex: won't be able to compile Matlab plugin
configure:17433: checking for working HUGE_VAL
configure:17446: gcc -std=gnu99 -c -g -O2  conftest.c >&5
configure:17446: $? = 0
configure:17447: result: ok
configure:17646: checking that generated files are newer than configure
configure:17652: result: done
configure:17707: creating ./config.status

## ---------------------- ##
## Running config.status. ##
## ---------------------- ##

This file was extended by nlopt config.status 2.3, which was
generated by GNU Autoconf 2.69.  Invocation command line was

  CONFIG_FILES    = 
  CONFIG_HEADERS  = 
  CONFIG_LINKS    = 
  CONFIG_COMMANDS = 
  $ ./config.status 

on HERBIE

config.status:1243: creating Makefile
config.status:1243: creating nlopt.pc
config.status:1243: creating api/Makefile
config.status:1243: creating util/Makefile
config.status:1243: creating octave/Makefile
config.status:1243: creating direct/Makefile
config.status:1243: creating cdirect/Makefile
config.status:1243: creating stogo/Makefile
config.status:1243: creating praxis/Makefile
config.status:1243: creating lbfgs/Makefile
config.status:1243: creating luksan/Makefile
config.status:1243: creating crs/Makefile
config.status:1243: creating mlsl/Makefile
config.status:1243: creating mma/Makefile
config.status:1243: creating cobyla/Makefile
config.status:1243: creating newuoa/Makefile
config.status:1243: creating neldermead/Makefile
config.status:1243: creating auglag/Makefile
config.status:1243: creating bobyqa/Makefile
config.status:1243: creating isres/Makefile
config.status:1243: creating slsqp/Makefile
config.status:1243: creating test/Makefile
config.status:1243: creating swig/Makefile
config.status:1243: creating swig/nlopt.scm
config.status:1243: creating config.h
config.status:1472: executing depfiles commands
config.status:1472: executing libtool commands

## ---------------- ##
## Cache variables. ##
## ---------------- ##

ac_cv_build=i686-pc-cygwin
ac_cv_c_compiler_gnu=yes
ac_cv_c_const=yes
ac_cv_c_inline=inline
ac_cv_cxx_compiler_gnu=yes
ac_cv_env_CCC_set=
ac_cv_env_CCC_value=
ac_cv_env_CC_set=
ac_cv_env_CC_value=
ac_cv_env_CFLAGS_set=
ac_cv_env_CFLAGS_value=
ac_cv_env_CPPFLAGS_set=
ac_cv_env_CPPFLAGS_value=
ac_cv_env_CPP_set=
ac_cv_env_CPP_value=
ac_cv_env_CXXCPP_set=
ac_cv_env_CXXCPP_value=
ac_cv_env_CXXFLAGS_set=
ac_cv_env_CXXFLAGS_value=
ac_cv_env_CXX_set=
ac_cv_env_CXX_value=
ac_cv_env_GUILE_INSTALL_DIR_set=
ac_cv_env_GUILE_INSTALL_DIR_value=
ac_cv_env_LDFLAGS_set=
ac_cv_env_LDFLAGS_value=
ac_cv_env_LIBS_set=
ac_cv_env_LIBS_value=
ac_cv_env_MEX_INSTALL_DIR_set=
ac_cv_env_MEX_INSTALL_DIR_value=
ac_cv_env_MEX_set=
ac_cv_env_MEX_value=
ac_cv_env_MKOCTFILE_set=
ac_cv_env_MKOCTFILE_value=
ac_cv_env_M_INSTALL_DIR_set=
ac_cv_env_M_INSTALL_DIR_value=
ac_cv_env_OCT_INSTALL_DIR_set=
ac_cv_env_OCT_INSTALL_DIR_value=
ac_cv_env_PYTHON_set=
ac_cv_env_PYTHON_value=
ac_cv_env_build_alias_set=
ac_cv_env_build_alias_value=
ac_cv_env_host_alias_set=
ac_cv_env_host_alias_value=
ac_cv_env_target_alias_set=
ac_cv_env_target_alias_value=
ac_cv_exeext=.exe
ac_cv_func_BSDgettimeofday=no
ac_cv_func_getpid=yes
ac_cv_func_gettimeofday=yes
ac_cv_func_qsort_r=no
ac_cv_func_time=yes
ac_cv_header_dlfcn_h=yes
ac_cv_header_getopt_h=yes
ac_cv_header_inttypes_h=yes
ac_cv_header_memory_h=yes
ac_cv_header_stdc=yes
ac_cv_header_stdint_h=yes
ac_cv_header_stdlib_h=yes
ac_cv_header_string_h=yes
ac_cv_header_strings_h=yes
ac_cv_header_sys_stat_h=yes
ac_cv_header_sys_types_h=yes
ac_cv_header_time=yes
ac_cv_header_unistd_h=yes
ac_cv_host=i686-pc-cygwin
ac_cv_lib_m_sin=yes
ac_cv_objext=o
ac_cv_path_EGREP='/usr/bin/grep -E'
ac_cv_path_FGREP='/usr/bin/grep -F'
ac_cv_path_GREP=/usr/bin/grep
ac_cv_path_SED=/usr/bin/sed
ac_cv_path_install='/usr/bin/install -c'
ac_cv_path_mkdir=/usr/bin/mkdir
ac_cv_prog_AWK=gawk
ac_cv_prog_CPP='gcc -std=gnu99 -E'
ac_cv_prog_CXXCPP='g++ -E'
ac_cv_prog_ac_ct_AR=ar
ac_cv_prog_ac_ct_AS=as
ac_cv_prog_ac_ct_CC=gcc
ac_cv_prog_ac_ct_CXX=g++
ac_cv_prog_ac_ct_DLLTOOL=dlltool
ac_cv_prog_ac_ct_OBJDUMP=objdump
ac_cv_prog_ac_ct_RANLIB=ranlib
ac_cv_prog_ac_ct_STRIP=strip
ac_cv_prog_cc_c89=
ac_cv_prog_cc_c99=-std=gnu99
ac_cv_prog_cc_g=yes
ac_cv_prog_cc_stdc=-std=gnu99
ac_cv_prog_cxx_g=yes
ac_cv_prog_make_make_set=yes
ac_cv_sizeof_unsigned_int=4
ac_cv_sizeof_unsigned_long=4
ac_cv_type_uint32_t=yes
am_cv_CC_dependencies_compiler_type=gcc3
am_cv_CXX_dependencies_compiler_type=gcc3
ax_cv_c_threadlocal=__thread
lt_cv_ar_at_file=@
lt_cv_deplibs_check_method='file_magic ^x86 archive import|^x86 DLL'
lt_cv_file_magic_cmd=func_win32_libid
lt_cv_file_magic_test_file=
lt_cv_ld_reload_flag=-r
lt_cv_nm_interface='BSD nm'
lt_cv_objdir=.libs
lt_cv_path_LD=/usr/i686-pc-cygwin/bin/ld.exe
lt_cv_path_LDCXX=/usr/i686-pc-cygwin/bin/ld.exe
lt_cv_path_NM='/usr/bin/nm -B'
lt_cv_path_mainfest_tool=no
lt_cv_prog_compiler_c_o=yes
lt_cv_prog_compiler_c_o_CXX=yes
lt_cv_prog_compiler_pic='-DDLL_EXPORT -DPIC'
lt_cv_prog_compiler_pic_CXX='-DDLL_EXPORT -DPIC'
lt_cv_prog_compiler_pic_works=yes
lt_cv_prog_compiler_pic_works_CXX=yes
lt_cv_prog_compiler_rtti_exceptions=no
lt_cv_prog_compiler_static_works=yes
lt_cv_prog_compiler_static_works_CXX=yes
lt_cv_prog_gnu_ld=yes
lt_cv_prog_gnu_ldcxx=yes
lt_cv_sharedlib_from_linklib_cmd=func_cygming_dll_for_implib
lt_cv_sys_global_symbol_pipe='sed -n -e '\''s/^.*[	 ]\([ABCDGIRSTW][ABCDGIRSTW]*\)[	 ][	 ]*_\([_A-Za-z][_A-Za-z0-9]*\)$/\1 _\2 \2/p'\'' | sed '\''/ __gnu_lto/d'\'''
lt_cv_sys_global_symbol_to_c_name_address='sed -n -e '\''s/^: \([^ ]*\)[ ]*$/  {\"\1\", (void *) 0},/p'\'' -e '\''s/^[ABCDGIRSTW]* \([^ ]*\) \([^ ]*\)$/  {"\2", (void *) \&\2},/p'\'''
lt_cv_sys_global_symbol_to_c_name_address_lib_prefix='sed -n -e '\''s/^: \([^ ]*\)[ ]*$/  {\"\1\", (void *) 0},/p'\'' -e '\''s/^[ABCDGIRSTW]* \([^ ]*\) \(lib[^ ]*\)$/  {"\2", (void *) \&\2},/p'\'' -e '\''s/^[ABCDGIRSTW]* \([^ ]*\) \([^ ]*\)$/  {"lib\2", (void *) \&\2},/p'\'''
lt_cv_sys_global_symbol_to_cdecl='sed -n -e '\''s/^T .* \(.*\)$/extern int \1();/p'\'' -e '\''s/^[ABCDGIRSTW]* .* \(.*\)$/extern char \1;/p'\'''
lt_cv_sys_max_cmd_len=8192
lt_cv_to_host_file_cmd=func_convert_file_noop
lt_cv_to_tool_file_cmd=func_convert_file_noop

## ----------------- ##
## Output variables. ##
## ----------------- ##

ACLOCAL='${SHELL} /home/Andrew/Projects/OptPilot/Thesis/nlopt-2.3/missing --run aclocal-1.12'
AMDEPBACKSLASH='\'
AMDEP_FALSE='#'
AMDEP_TRUE=''
AMTAR='$${TAR-tar}'
AR='ar'
AS='as'
AUTOCONF='${SHELL} /home/Andrew/Projects/OptPilot/Thesis/nlopt-2.3/missing --run autoconf'
AUTOHEADER='${SHELL} /home/Andrew/Projects/OptPilot/Thesis/nlopt-2.3/missing --run autoheader'
AUTOMAKE='${SHELL} /home/Andrew/Projects/OptPilot/Thesis/nlopt-2.3/missing --run automake-1.12'
AWK='gawk'
CC='gcc -std=gnu99'
CCDEPMODE='depmode=gcc3'
CFLAGS='-g -O2'
CPP='gcc -std=gnu99 -E'
CPPFLAGS=''
CXX='g++'
CXXCPP='g++ -E'
CXXDEPMODE='depmode=gcc3'
CXXFLAGS='-g -O2'
CYGPATH_W='cygpath -w'
DEFS='-DHAVE_CONFIG_H'
DEPDIR='.deps'
DLLTOOL='dlltool'
DSYMUTIL=''
DUMPBIN=''
ECHO_C=''
ECHO_N='-n'
ECHO_T=''
EGREP='/usr/bin/grep -E'
EXEEXT='.exe'
FGREP='/usr/bin/grep -F'
GREP='/usr/bin/grep'
GUILE=''
GUILE_CONFIG='unknown'
GUILE_CPPFLAGS=''
GUILE_INSTALL_DIR=''
GUILE_LIBS=''
INSTALL_DATA='${INSTALL} -m 644'
INSTALL_PROGRAM='${INSTALL}'
INSTALL_SCRIPT='${INSTALL}'
INSTALL_STRIP_PROGRAM='$(install_sh) -c -s'
LD='/usr/i686-pc-cygwin/bin/ld.exe'
LDFLAGS=''
LIBOBJS=''
LIBS='-lm '
LIBTOOL='$(SHELL) $(top_builddir)/libtool'
LIPO=''
LN_S='ln -s'
LTLIBOBJS=''
MAINT='#'
MAINTAINER_MODE_FALSE=''
MAINTAINER_MODE_TRUE='#'
MAKEINFO='${SHELL} /home/Andrew/Projects/OptPilot/Thesis/nlopt-2.3/missing --run makeinfo'
MANIFEST_TOOL=':'
MATLAB=''
MEX='echo'
MEXSUFF=''
MEX_INSTALL_DIR=''
MKDIR_P='/usr/bin/mkdir -p'
MKOCTFILE='echo'
M_INSTALL_DIR=''
NLOPT_SUFFIX=''
NM='/usr/bin/nm -B'
NMEDIT=''
OBJDUMP='objdump'
OBJEXT='o'
OCTAVE=''
OCTAVE_CONFIG=''
OCT_INSTALL_DIR=''
OTOOL64=''
OTOOL=''
PACKAGE='nlopt'
PACKAGE_BUGREPORT='stevenj@alum.mit.edu'
PACKAGE_NAME='nlopt'
PACKAGE_STRING='nlopt 2.3'
PACKAGE_TARNAME='nlopt'
PACKAGE_URL=''
PACKAGE_VERSION='2.3'
PATH_SEPARATOR=':'
PYTHON=''
PYTHON_EXEC_PREFIX=''
PYTHON_INCLUDES=''
PYTHON_PLATFORM=''
PYTHON_PREFIX=''
PYTHON_VERSION=''
RANLIB='ranlib'
SED='/usr/bin/sed'
SET_MAKE=''
SHARED_VERSION_INFO='7:0:7'
SHELL='/bin/sh'
STRIP='strip'
VERSION='2.3'
WITH_CXX_FALSE=''
WITH_CXX_TRUE='#'
WITH_GUILE_FALSE=''
WITH_GUILE_TRUE='#'
WITH_MATLAB_FALSE=''
WITH_MATLAB_TRUE='#'
WITH_NOCEDAL_FALSE=''
WITH_NOCEDAL_TRUE='#'
WITH_OCTAVE_FALSE=''
WITH_OCTAVE_TRUE='#'
WITH_PYTHON_FALSE=''
WITH_PYTHON_TRUE='#'
ac_ct_AR='ar'
ac_ct_CC='gcc'
ac_ct_CXX='g++'
ac_ct_DUMPBIN=''
am__EXEEXT_FALSE='#'
am__EXEEXT_TRUE=''
am__fastdepCC_FALSE='#'
am__fastdepCC_TRUE=''
am__fastdepCXX_FALSE='#'
am__fastdepCXX_TRUE=''
am__include='include'
am__isrc=''
am__leading_dot='.'
am__nodep='_no'
am__quote=''
am__tar='$${TAR-tar} chof - "$$tardir"'
am__untar='$${TAR-tar} xf -'
bindir='${exec_prefix}/bin'
build='i686-pc-cygwin'
build_alias=''
build_cpu='i686'
build_os='cygwin'
build_vendor='pc'
datadir='${datarootdir}'
datarootdir='${prefix}/share'
docdir='${datarootdir}/doc/${PACKAGE_TARNAME}'
dvidir='${docdir}'
exec_prefix='${prefix}'
host='i686-pc-cygwin'
host_alias=''
host_cpu='i686'
host_os='cygwin'
host_vendor='pc'
htmldir='${docdir}'
includedir='${prefix}/include'
infodir='${datarootdir}/info'
install_sh='${SHELL} /home/Andrew/Projects/OptPilot/Thesis/nlopt-2.3/install-sh'
libdir='${exec_prefix}/lib'
libexecdir='${exec_prefix}/libexec'
localedir='${datarootdir}/locale'
localstatedir='${prefix}/var'
mandir='${datarootdir}/man'
mkdir_p='$(MKDIR_P)'
oldincludedir='/usr/include'
pdfdir='${docdir}'
pkgpyexecdir=''
pkgpythondir=''
prefix='/usr/local'
program_transform_name='s,x,x,'
psdir='${docdir}'
pyexecdir=''
pythondir=''
sbindir='${exec_prefix}/sbin'
sharedstatedir='${prefix}/com'
sysconfdir='${prefix}/etc'
target_alias=''

## ----------- ##
## confdefs.h. ##
## ----------- ##

/* confdefs.h */
#define PACKAGE_NAME "nlopt"
#define PACKAGE_TARNAME "nlopt"
#define PACKAGE_VERSION "2.3"
#define PACKAGE_STRING "nlopt 2.3"
#define PACKAGE_BUGREPORT "stevenj@alum.mit.edu"
#define PACKAGE_URL ""
#define PACKAGE "nlopt"
#define VERSION "2.3"
#define STDC_HEADERS 1
#define HAVE_SYS_TYPES_H 1
#define HAVE_SYS_STAT_H 1
#define HAVE_STDLIB_H 1
#define HAVE_STRING_H 1
#define HAVE_MEMORY_H 1
#define HAVE_STRINGS_H 1
#define HAVE_INTTYPES_H 1
#define HAVE_STDINT_H 1
#define HAVE_UNISTD_H 1
#define HAVE_DLFCN_H 1
#define LT_OBJDIR ".libs/"
#define STDC_HEADERS 1
#define TIME_WITH_SYS_TIME 1
#define HAVE_UNISTD_H 1
#define HAVE_GETOPT_H 1
#define HAVE_STDINT_H 1
#define THREADLOCAL __thread
#define SIZEOF_UNSIGNED_INT 4
#define SIZEOF_UNSIGNED_LONG 4
#define HAVE_UINT32_T 1
#define HAVE_LIBM 1
#define HAVE_GETTIMEOFDAY 1
#define HAVE_TIME 1
#define HAVE_GETPID 1
#define HAVE_ISNAN 1
#define HAVE_ISINF 1
#define HAVE_COPYSIGN 1
#define MAJOR_VERSION 2
#define MINOR_VERSION 3
#define BUGFIX_VERSION 0

configure: exit 0
